/scratch/yc3390/DL_proj/code/DeepLearning2019/Non_local.py:63: UserWarning: nn.init.normal is now deprecated in favor of nn.init.normal_.
  nn.init.normal(self.g.weight)
/scratch/yc3390/DL_proj/code/DeepLearning2019/Non_local.py:64: UserWarning: nn.init.normal is now deprecated in favor of nn.init.normal_.
  nn.init.normal(self.g.bias)
/scratch/yc3390/DL_proj/code/DeepLearning2019/Non_local.py:75: UserWarning: nn.init.kaiming_normal is now deprecated in favor of nn.init.kaiming_normal_.
  nn.init.kaiming_normal(self.W[0].weight)
/scratch/yc3390/DL_proj/code/DeepLearning2019/Non_local.py:76: UserWarning: nn.init.constant is now deprecated in favor of nn.init.constant_.
  nn.init.constant(self.W[0].bias, 0)
/scratch/yc3390/DL_proj/code/DeepLearning2019/Non_local.py:78: UserWarning: nn.init.constant is now deprecated in favor of nn.init.constant_.
  nn.init.constant(self.W[1].weight, 0)
/scratch/yc3390/DL_proj/code/DeepLearning2019/Non_local.py:79: UserWarning: nn.init.constant is now deprecated in favor of nn.init.constant_.
  nn.init.constant(self.W[1].bias, 0)
/scratch/yc3390/DL_proj/code/DeepLearning2019/Non_local.py:107: UserWarning: nn.init.kaiming_normal is now deprecated in favor of nn.init.kaiming_normal_.
  nn.init.kaiming_normal(self.theta.weight)
/scratch/yc3390/DL_proj/code/DeepLearning2019/Non_local.py:108: UserWarning: nn.init.constant is now deprecated in favor of nn.init.constant_.
  nn.init.constant(self.theta.bias, 0)
/scratch/yc3390/DL_proj/code/DeepLearning2019/Non_local.py:109: UserWarning: nn.init.kaiming_normal is now deprecated in favor of nn.init.kaiming_normal_.
  nn.init.kaiming_normal(self.phi.weight)
/scratch/yc3390/DL_proj/code/DeepLearning2019/Non_local.py:110: UserWarning: nn.init.constant is now deprecated in favor of nn.init.constant_.
  nn.init.constant(self.phi.bias, 0)
{
    "batch_size": 64,
    "cuda": true,
    "data_dir": "./data",
    "model_path": "models/resnet/resnet18_baseline_attention_SE_nonpretrained_long/model_best.pth",
    "no_cuda": false,
    "seed": 1008
}

n parameters: 12066236

Evaluating Validation set...
Validation top 1 accuracy: 0.0010
Validation top 5 accuracy: 0.0050
